app/build/intermediates/manifest_merge_blame_file/debug/manifest-merger-blame-debug-report.txt
1<?xml version="1.0" encoding="utf-8"?>
2<manifest xmlns:android="http://schemas.android.com/apk/res/android"
3    package="com.example.tabok_ui_dev"
4    android:versionCode="1"
5    android:versionName="1.0" >
6
7    <uses-sdk
8        android:minSdkVersion="19"
8-->src/main/AndroidManifest.xml
9        android:targetSdkVersion="29" />
9-->src/main/AndroidManifest.xml
10
11    <uses-permission android:name="android.permission.CAMERA" />
11-->src/main/AndroidManifest.xml:6:5-65
11-->src/main/AndroidManifest.xml:6:22-62
12
13    <uses-feature android:name="android.hardware.camera" />
13-->src/main/AndroidManifest.xml:7:5-60
13-->src/main/AndroidManifest.xml:7:19-57
14    <uses-feature android:name="android.hardware.camera.autofocus" />
14-->src/main/AndroidManifest.xml:8:5-70
14-->src/main/AndroidManifest.xml:8:19-67
15
16    <application
16-->src/main/AndroidManifest.xml:10:5-32:19
17        android:allowBackup="true"
17-->src/main/AndroidManifest.xml:11:9-35
18        android:appComponentFactory="androidx.core.app.CoreComponentFactory"
18-->[androidx.core:core:1.1.0] AndroidManifest.xml:24:18-86
19        android:debuggable="true"
20        android:icon="@mipmap/ic_launcher"
20-->src/main/AndroidManifest.xml:12:9-43
21        android:label="@string/app_name"
21-->src/main/AndroidManifest.xml:13:9-41
22        android:roundIcon="@mipmap/ic_launcher_round"
22-->src/main/AndroidManifest.xml:14:9-54
23        android:supportsRtl="true"
23-->src/main/AndroidManifest.xml:15:9-35
24        android:testOnly="true"
25        android:theme="@style/AppTheme" >
25-->src/main/AndroidManifest.xml:16:9-40
26        <activity
26-->src/main/AndroidManifest.xml:19:9-21:59
27            android:name="com.example.tabok_ui_dev.Dashboard_mhs"
27-->src/main/AndroidManifest.xml:20:13-42
28            android:theme="@style/AppTheme.NoActionBar" />
28-->src/main/AndroidManifest.xml:21:13-56
29        <activity android:name="com.example.tabok_ui_dev.login_mhs" />
29-->src/main/AndroidManifest.xml:22:9-47
29-->src/main/AndroidManifest.xml:22:19-44
30        <activity android:name="com.example.tabok_ui_dev.Login" />
30-->src/main/AndroidManifest.xml:23:9-43
30-->src/main/AndroidManifest.xml:23:19-40
31        <activity android:name="com.example.tabok_ui_dev.ScannBased" />
31-->src/main/AndroidManifest.xml:24:9-47
31-->src/main/AndroidManifest.xml:24:19-45
32        <activity android:name="com.example.tabok_ui_dev.MainActivity" >
32-->src/main/AndroidManifest.xml:25:9-31:20
32-->src/main/AndroidManifest.xml:25:19-47
33            <intent-filter>
33-->src/main/AndroidManifest.xml:26:13-30:29
34                <action android:name="android.intent.action.MAIN" />
34-->src/main/AndroidManifest.xml:27:17-69
34-->src/main/AndroidManifest.xml:27:25-66
35
36                <category android:name="android.intent.category.LAUNCHER" />
36-->src/main/AndroidManifest.xml:29:17-77
36-->src/main/AndroidManifest.xml:29:27-74
37            </intent-filter>
38        </activity>
39        <activity
39-->[com.karumi:dexter:5.0.0] AndroidManifest.xml:27:9-29:72
40            android:name="com.karumi.dexter.DexterActivity"
40-->[com.karumi:dexter:5.0.0] AndroidManifest.xml:28:13-60
41            android:theme="@style/Dexter.Internal.Theme.Transparent" />
41-->[com.karumi:dexter:5.0.0] AndroidManifest.xml:29:13-69
42        <activity
42-->[com.google.android.gms:play-services-auth:17.0.0] AndroidManifest.xml:23:9-27:75
43            android:name="com.google.android.gms.auth.api.signin.internal.SignInHubActivity"
43-->[com.google.android.gms:play-services-auth:17.0.0] AndroidManifest.xml:24:13-93
44            android:excludeFromRecents="true"
44-->[com.google.android.gms:play-services-auth:17.0.0] AndroidManifest.xml:25:13-46
45            android:exported="false"
45-->[com.google.android.gms:play-services-auth:17.0.0] AndroidManifest.xml:26:13-37
46            android:theme="@android:style/Theme.Translucent.NoTitleBar" />
46-->[com.google.android.gms:play-services-auth:17.0.0] AndroidManifest.xml:27:13-72
47        <!--
48            Service handling Google Sign-In user revocation. For apps that do not integrate with
49            Google Sign-In, this service will never be started.
50        -->
51        <service
51-->[com.google.android.gms:play-services-auth:17.0.0] AndroidManifest.xml:33:9-36:110
52            android:name="com.google.android.gms.auth.api.signin.RevocationBoundService"
52-->[com.google.android.gms:play-services-auth:17.0.0] AndroidManifest.xml:34:13-89
53            android:exported="true"
53-->[com.google.android.gms:play-services-auth:17.0.0] AndroidManifest.xml:35:13-36
54            android:permission="com.google.android.gms.auth.api.signin.permission.REVOCATION_NOTIFICATION" />
54-->[com.google.android.gms:play-services-auth:17.0.0] AndroidManifest.xml:36:13-107
55
56        <activity
56-->[com.google.android.gms:play-services-base:17.0.0] AndroidManifest.xml:23:9-26:75
57            android:name="com.google.android.gms.common.api.GoogleApiActivity"
57-->[com.google.android.gms:play-services-base:17.0.0] AndroidManifest.xml:24:13-79
58            android:exported="false"
58-->[com.google.android.gms:play-services-base:17.0.0] AndroidManifest.xml:25:13-37
59            android:theme="@android:style/Theme.Translucent.NoTitleBar" />
59-->[com.google.android.gms:play-services-base:17.0.0] AndroidManifest.xml:26:13-72
60
61        <meta-data
61-->[com.google.android.gms:play-services-basement:17.0.0] AndroidManifest.xml:23:9-25:69
62            android:name="com.google.android.gms.version"
62-->[com.google.android.gms:play-services-basement:17.0.0] AndroidManifest.xml:24:13-58
63            android:value="@integer/google_play_services_version" />
63-->[com.google.android.gms:play-services-basement:17.0.0] AndroidManifest.xml:25:13-66
64
65        <provider
65-->[androidx.lifecycle:lifecycle-process:2.1.0] AndroidManifest.xml:23:9-27:43
66            android:name="androidx.lifecycle.ProcessLifecycleOwnerInitializer"
66-->[androidx.lifecycle:lifecycle-process:2.1.0] AndroidManifest.xml:24:13-79
67            android:authorities="com.example.tabok_ui_dev.lifecycle-process"
67-->[androidx.lifecycle:lifecycle-process:2.1.0] AndroidManifest.xml:25:13-69
68            android:exported="false"
68-->[androidx.lifecycle:lifecycle-process:2.1.0] AndroidManifest.xml:26:13-37
69            android:multiprocess="true" />
69-->[androidx.lifecycle:lifecycle-process:2.1.0] AndroidManifest.xml:27:13-40
70    </application>
71
72</manifest>